2025-03-03 09:15:17,927 INFO    MainThread:87787 [wandb_setup.py:_flush():67] Current SDK version is 0.19.7
2025-03-03 09:15:17,928 INFO    MainThread:87787 [wandb_setup.py:_flush():67] Configure stats pid to 87787
2025-03-03 09:15:17,928 INFO    MainThread:87787 [wandb_setup.py:_flush():67] Loading settings from /Users/benjaminkwon/.config/wandb/settings
2025-03-03 09:15:17,928 INFO    MainThread:87787 [wandb_setup.py:_flush():67] Loading settings from /Users/benjaminkwon/Desktop/AD-Research/TorusBumpGNN/wandb/settings
2025-03-03 09:15:17,928 INFO    MainThread:87787 [wandb_setup.py:_flush():67] Loading settings from environment variables
2025-03-03 09:15:17,928 INFO    MainThread:87787 [wandb_init.py:setup_run_log_directory():647] Logging user logs to /Users/benjaminkwon/Desktop/AD-Research/TorusBumpGNN/wandb/run-20250303_091517-s0xrmlrj/logs/debug.log
2025-03-03 09:15:17,928 INFO    MainThread:87787 [wandb_init.py:setup_run_log_directory():648] Logging internal logs to /Users/benjaminkwon/Desktop/AD-Research/TorusBumpGNN/wandb/run-20250303_091517-s0xrmlrj/logs/debug-internal.log
2025-03-03 09:15:17,928 INFO    MainThread:87787 [wandb_init.py:init():761] calling init triggers
2025-03-03 09:15:17,928 INFO    MainThread:87787 [wandb_init.py:init():766] wandb.init called with sweep_config: {}
config: {'_wandb': {}}
2025-03-03 09:15:17,929 INFO    MainThread:87787 [wandb_init.py:init():784] starting backend
2025-03-03 09:15:17,929 INFO    MainThread:87787 [wandb_init.py:init():788] sending inform_init request
2025-03-03 09:15:17,998 INFO    MainThread:87787 [backend.py:_multiprocessing_setup():97] multiprocessing start_methods=spawn,fork,forkserver, using: spawn
2025-03-03 09:15:17,999 INFO    MainThread:87787 [wandb_init.py:init():803] backend started and connected
2025-03-03 09:15:18,007 INFO    MainThread:87787 [wandb_init.py:init():896] updated telemetry
2025-03-03 09:15:18,044 INFO    MainThread:87787 [wandb_init.py:init():920] communicating run to backend with 90.0 second timeout
2025-03-03 09:15:18,473 INFO    MainThread:87787 [wandb_init.py:init():995] starting run threads in backend
2025-03-03 09:15:18,717 INFO    MainThread:87787 [wandb_run.py:_console_start():2377] atexit reg
2025-03-03 09:15:18,718 INFO    MainThread:87787 [wandb_run.py:_redirect():2227] redirect: wrap_raw
2025-03-03 09:15:18,718 INFO    MainThread:87787 [wandb_run.py:_redirect():2292] Wrapping output streams.
2025-03-03 09:15:18,718 INFO    MainThread:87787 [wandb_run.py:_redirect():2317] Redirects installed.
2025-03-03 09:15:18,721 INFO    MainThread:87787 [wandb_init.py:init():1037] run started, returning control to user process
2025-03-03 09:15:18,722 INFO    MainThread:87787 [wandb_config.py:__setitem__():154] config set epochs = 30 - <bound method Run._config_callback of <wandb.sdk.wandb_run.Run object at 0x1955bf1c0>>
2025-03-03 09:15:18,722 INFO    MainThread:87787 [wandb_run.py:_config_callback():1261] config_cb epochs 30 None
2025-03-03 09:15:18,722 INFO    MainThread:87787 [wandb_config.py:__setitem__():154] config set beta = 1.0 - <bound method Run._config_callback of <wandb.sdk.wandb_run.Run object at 0x1955bf1c0>>
2025-03-03 09:15:18,722 INFO    MainThread:87787 [wandb_run.py:_config_callback():1261] config_cb beta 1.0 None
2025-03-03 09:15:18,722 INFO    MainThread:87787 [wandb_config.py:__setitem__():154] config set learning_rate = 0.001 - <bound method Run._config_callback of <wandb.sdk.wandb_run.Run object at 0x1955bf1c0>>
2025-03-03 09:15:18,722 INFO    MainThread:87787 [wandb_run.py:_config_callback():1261] config_cb learning_rate 0.001 None
2025-03-03 09:15:18,722 INFO    MainThread:87787 [wandb_config.py:__setitem__():154] config set hidden_dim = 64 - <bound method Run._config_callback of <wandb.sdk.wandb_run.Run object at 0x1955bf1c0>>
2025-03-03 09:15:18,722 INFO    MainThread:87787 [wandb_run.py:_config_callback():1261] config_cb hidden_dim 64 None
2025-03-03 09:15:18,722 INFO    MainThread:87787 [wandb_config.py:__setitem__():154] config set latent_dim = 16 - <bound method Run._config_callback of <wandb.sdk.wandb_run.Run object at 0x1955bf1c0>>
2025-03-03 09:15:18,722 INFO    MainThread:87787 [wandb_run.py:_config_callback():1261] config_cb latent_dim 16 None
2025-03-03 09:15:23,484 WARNING MsgRouterThr:87787 [router.py:message_loop():77] message_loop has been closed
Traceback (most recent call last):
  File "/Users/benjaminkwon/Desktop/ExplainingAnatomicalShapeVariability/venv/lib/python3.10/site-packages/wandb/sdk/interface/router_sock.py", line 28, in _read_message
    resp = self._sock_client.read_server_response(timeout=1)
  File "/Users/benjaminkwon/Desktop/ExplainingAnatomicalShapeVariability/venv/lib/python3.10/site-packages/wandb/sdk/lib/sock_client.py", line 285, in read_server_response
    data = self._read_packet_bytes(timeout=timeout)
  File "/Users/benjaminkwon/Desktop/ExplainingAnatomicalShapeVariability/venv/lib/python3.10/site-packages/wandb/sdk/lib/sock_client.py", line 270, in _read_packet_bytes
    raise SockClientClosedError
wandb.sdk.lib.sock_client.SockClientClosedError

The above exception was the direct cause of the following exception:

Traceback (most recent call last):
  File "/Users/benjaminkwon/Desktop/ExplainingAnatomicalShapeVariability/venv/lib/python3.10/site-packages/wandb/sdk/interface/router.py", line 70, in message_loop
    msg = self._read_message()
  File "/Users/benjaminkwon/Desktop/ExplainingAnatomicalShapeVariability/venv/lib/python3.10/site-packages/wandb/sdk/interface/router_sock.py", line 30, in _read_message
    raise MessageRouterClosedError from e
wandb.sdk.interface.router.MessageRouterClosedError
2025-03-03 09:15:23,486 INFO    MsgRouterThr:87787 [mailbox.py:close():115] Closing mailbox, abandoning 1 handles.
